<?xml version="1.0" encoding="UTF-8"?>
<!-- Generated by org.testng.reporters.JUnitReportReporter -->
<testsuite hostname="DESKTOP-VPG8QQH" failures="0" tests="1" name="com.zenhotels.tests.BookingTest" time="485.028" errors="0" timestamp="2024-12-16T14:10:38 GMT" skipped="0">
  <testcase classname="com.zenhotels.tests.BookingTest" name="bookingProcess" time="485.028"/>
  <system-out/>
</testsuite> <!-- com.zenhotels.tests.BookingTest -->
